2025-09-02 23:41:02,767 - INFO - Starting new week: 2025-09-01
2025-09-02 23:41:02,767 - INFO - Getting updates since update_id 0
2025-09-02 23:41:03,219 - INFO - Processing 3 new updates
2025-09-02 23:41:03,220 - INFO - Updated last_update_id to 476267289
2025-09-02 23:41:03,220 - INFO - Posting new daily poll
2025-09-02 23:41:03,527 - INFO - Posted poll for Tuesday, September 02, 2025 (Poll ID: 5891235249253253957)
2025-09-02 23:41:03,527 - INFO - Added poll 5891235249253253957 to active polls
2025-09-02 23:41:03,529 - INFO - Daily task completed
2025-09-03 02:23:36,401 - INFO - Getting updates since update_id 476267289
2025-09-03 02:23:46,793 - INFO - No new updates to process
2025-09-03 02:23:46,794 - INFO - Posting new daily poll
2025-09-03 02:23:47,123 - INFO - Posted poll for Wednesday, September 03, 2025 (Poll ID: 5891235249253253959)
2025-09-03 02:23:47,124 - INFO - Added poll 5891235249253253959 to active polls
2025-09-03 02:23:47,125 - INFO - Daily task completed
2025-09-04 02:24:03,056 - INFO - Getting updates since update_id 476267289
2025-09-04 02:24:03,446 - INFO - Processing 4 new updates
2025-09-04 02:24:03,446 - INFO - Recorded vote: G voted 1 on poll 5891235249253253959
2025-09-04 02:24:03,446 - INFO - Recorded vote: Segev voted 1 on poll 5891235249253253959
2025-09-04 02:24:03,446 - INFO - Updated last_update_id to 476267293
2025-09-04 02:24:03,446 - INFO - Processed 2 new votes
2025-09-04 02:24:03,446 - INFO - Posting new daily poll
2025-09-04 02:24:03,836 - INFO - Posted poll for Thursday, September 04, 2025 (Poll ID: 5893509541810668102)
2025-09-04 02:24:03,836 - INFO - Added poll 5893509541810668102 to active polls
2025-09-04 02:24:03,837 - INFO - Daily task completed
2025-09-05 02:36:12,216 - INFO - Getting updates since update_id 476267293
2025-09-05 02:36:12,627 - INFO - Processing 2 new updates
2025-09-05 02:36:12,627 - INFO - Recorded vote: G voted 4 on poll 5893509541810668102
2025-09-05 02:36:12,627 - INFO - Updated last_update_id to 476267295
2025-09-05 02:36:12,627 - INFO - Processed 1 new votes
2025-09-05 02:36:12,627 - INFO - Posting new daily poll
2025-09-05 02:36:13,041 - INFO - Posted poll for Friday, September 05, 2025 (Poll ID: 5897610273505673808)
2025-09-05 02:36:13,041 - INFO - Added poll 5897610273505673808 to active polls
2025-09-05 02:36:13,043 - INFO - Daily task completed
2025-09-06 02:23:23,588 - INFO - Getting updates since update_id 476267295
2025-09-06 02:23:23,991 - INFO - Processing 2 new updates
2025-09-06 02:23:23,992 - INFO - Recorded vote: G voted 1 on poll 5897610273505673808
2025-09-06 02:23:23,992 - INFO - Updated last_update_id to 476267297
2025-09-06 02:23:23,992 - INFO - Processed 1 new votes
2025-09-06 02:23:23,992 - INFO - Posting new daily poll
2025-09-06 02:23:24,358 - INFO - Posted poll for Saturday, September 06, 2025 (Poll ID: 5899862073319359092)
2025-09-06 02:23:24,359 - INFO - Added poll 5899862073319359092 to active polls
2025-09-06 02:23:24,360 - INFO - Daily task completed
